69,56 68,55 68,54 68,53 68,52 68,51 68,50 68,49 68,48 68,47 68,46 68,45 68,44 68,43 68,42 68,41 68,40 68,39
171,7 172,8 172,9 172,10 172,11 172,12 172,13 172,14 172,15 172,16 171,17 170,18 170,19 170,20 170,21 170,22 170,23 170,24 170,25 170,26 169,27 169,28 168,29 167,30 166,30 165,30 164,29
223,129 222,130 221,131 220,132 219,133 218,134 217,135 216,136 215,137 214,138 213,138 212,138 211,138 210,139 209,139 208,140 207,140 206,140 205,141 204,142 203,143 202,144 201,144 200,145 199,145 198,145 197,145
213,241 214,240 215,239 216,238 217,238 218,238 219,238 220,238 221,238 222,239 222,240 221,241 220,242 219,243 219,244
199,129 200,128 201,127 202,126 203,125 204,125 205,125 206,125 207,125 208,126 209,127 210,128 211,128 212,129 213,130 214,131 215,132 216,133 217,134 218,134 219,134 220,134 221,134 222,134 223,135 224,136 225,136 226,136 227,136
164,103 163,102 162,101 161,100 161,99 161,98 161,97 161,96 161,95 161,94 161,93 161,92 161,91 161,90 161,89 161,88 161,87 162,86 162,85 163,84 163,83 163,82 163,81 163,80 162,79
125,24 126,25 126,26 126,27 126,28 126,29 126,30 126,31 126,32 126,33 127,34 128,34 129,33 130,33 131,33 132,33
63,125 62,126 62,127 62,128
26,213 25,213 24,213 23,212 22,212 21,212 20,212 19,212 18,213 18,214 19,215 20,216 21,217 22,218 23,219 24,220 25,221 26,222 26,223 26,224
121,0 122,1 123,2 124,3 125,4 126,5 127,6 128,7 129,8 130,9 130,10 130,11 130,12 130,13 130,14 130,15 131,16 132,17 133,18 134,19 135,20 136,21 137,22 138,23 139,23 140,23 141,23 142,23 143,23
66,107 66,108 65,109 64,110 63,111 62,112 61,113 60,114 59,115 58,116 57,117 56,118 55,118 54,118 53,118 52,119 51,120 50,121 49,122 48,123 47,124 46,125 46,126 46,127 46,128
25,15 24,16 23,17 22,18 21,19 21,20 21,21 21,22 21,23 21,24 21,25 21,26 21,27 21,28 21,29 21,30 21,31
2,209 1,209 0,208 0,207 0,206 0,205 0,204 0,203 0,202 0,201 0,200 0,199 0,198 0,197 0,196 0,195 0,194 0,193 0,192 0,191 0,190 0,189 0,188 0,187 0,186 1,185
245,139 244,138 244,137 244,136 244,135 244,134 244,133 244,132 244,131 244,130 244,129 244,128 244,127 243,126 243,125 243,124 242,123 241,122 240,121 239,120 238,119 237,118 237,117 236,116
122,164 121,163 121,162 121,161 121,160 121,159 121,158 121,157 121,156 121,155 121,154 121,153 121,152 121,151 121,150 121,149 121,148 121,147 120,146 120,145 120,144 120,143 120,142 120,141
169,54 168,55 167,56 166,57 165,58 164,59 163,60 162,61 161,62 160,62 159,62 158,62 157,62 156,62
199,147 198,146 197,145 196,144 195,143 194,142 193,141 192,141 191,140 190,139 189,139 188,138 187,138 186,138 185,138 184,138 183,138 182,138 181,137 181,136 181,135 182,134 183,133 184,132 184,131 183,130 183,129 183,128 183,127 183,126
176,60 177,61 178,62 179,63 180,64 181,65 182,66 183,67 184,68 185,68 186,68 187,68 188,68
58,167 59,167 60,168 61,168 62,168
85,41 85,42 85,43 85,44 86,45 86,46 85,47 85,48 85,49 85,50 85,51 85,52 85,53
9,103 8,102 8,101 9,100 9,99 10,98 11,97 12,96 13,95 14,94 14,93 14,92 14,91 14,90 14,89 14,88 14,87 15,86 16,85 17,84 18,83 19,82 20,81 21,80 22,79 23,78 23,77 23,76 23,75 23,74
83,26 84,25 85,24 86,23 87,22 88,21 89,21 90,21 91,21 92,21 93,21 94,21 95,21 96,21 97,21 98,21 99,21
224,202 225,203 226,204 227,205 228,206 229,206 230,206 231,206 232,206 233,206 234,207 235,208 235,209 235,210 235,211 235,212 235,213 236,214 237,215 238,216 239,217 240,218 241,219 242,220 243,221 243,222 243,223 243,224 243,225 243,226 243,227
25,38 26,37 27,36 28,35 29,34 30,33 30,32 30,31 30,30 30,29 30,28 30,27 30,26 30,25 30,24 30,23 30,22 30,21 30,20 30,19 30,18 30,17 30,16
153,7 152,7 151,7 150,7 149,8 148,9 147,10 146,11 145,12 144,13 143,14 142,15 141,16 140,17 139,17 138,17 137,16 136,16 135,16
32,249 31,248 30,247 29,246 28,246 27,246 26,246 25,246 24,246 23,246 22,246 21,246 20,246 19,246 18,246 17,246 16,246 15,246 14,246 13,246 12,246 11,246 10,246 9,246 8,246 7,246 6,246 5,246 4,246 3,246
22,83 23,84 24,84 25,85 26,86 27,87 28,88 29,89 30,90 31,91 31,92 32,93 33,94 34,95 35,96 35,97 36,98 37,99 38,100 39,101 40,102 41,103 42,104 43,105 44,106 45,107 46,108 46,109 46,110 46,111
198,163 199,164 200,165 201,166 202,167 203,168 204,169 204,170 204,171 204,172 204,173 204,174 204,175 204,176 204,177 204,178 204,179 204,180 204,181 204,182 204,183 205,184
74,65 73,66 72,66 71,67 70,68 69,69 68,70 67,70 66,70 65,70 64,70 63,71 62,72 61,73 60,74 59,75 58,75 57,75 56,75 55,75 54,75 53,75 52,75 51,75 50,75 49,75 48,75 47,76 46,77 46,78 46,79 46,80 46,81 46,82 46,83 46,84 46,85 46,86 46,87 46,88 46,89 46,90 47,91 47,92 47,93 47,94
108,156 109,155 110,155 111,155 112,155 113,156 114,156 115,157 116,158 117,159 118,159 119,159
103,34 104,33 104,32 104,31 104,30 104,29 104,28 104,27 104,26 104,25 104,24 104,23 104,22 104,21 103,20 102,19 101,19 100,19 99,19 98,19
196,104 197,103 198,102 199,101 200,100 201,99 202,99 203,98 204,97 204,96 204,95 204,94 204,93 204,92 204,91
23,110 24,111 25,112 26,113 27,114 28,115 29,116 30,117 31,118 32,119 33,119 34,119
10,61 11,60 12,59 13,58 14,58 15,58 16,58 17,58 18,58 19,57 20,56 20,55 20,54 20,53 20,52 20,51 19,50
100,185 99,184 98,183 97,182 96,181 95,180 94,179 93,178 92,177 91,176 91,175 91,174 92,173 92,172 93,171 94,170 95,169 96,168 97,169 98,170 99,170 100,170 101,171 102,172 103,173 104,173 105,173
228,153 229,154 230,155 231,156 232,157 233,158 234,159 235,159 236,159 237,159 238,159 239,160 240,160 241,160 242,160 243,160 244,161 245,162 245,163
51,179 50,180 49,181 48,182 47,183 47,184 47,185 46,186 45,187 44,188 43,189 42,190 41,190 40,190 39,190 38,190 37,190 36,190 35,190 34,190 33,190 32,190 31,190 30,190
197,101 196,102 196,103 196,104 196,105 196,106 197,107 197,108 197,109 198,110 199,111 199,112 199,113 199,114 199,115 199,116 199,117 200,118 201,118 202,118 203,118 204,117 205,117 206,116 207,115 208,114 209,113 210,112 210,111 210,110
8,88 9,87 10,86 11,85 12,85 13,85 14,85 15,85 16,85
182,242 183,243 184,243 185,243 186,243 187,243 188,243 189,242 190,241 190,240 191,239 192,238 192,237 192,236 192,235 193,234 193,233 194,232 195,231 196,230 196,229 196,228 196,227 196,226 196,225 197,224 198,223 199,222 200,221 201,220 202,219 203,218 204,217 205,216 206,215 206,214 206,213 206,212
16,215 17,216 18,217 19,218 20,219 21,220 22,221 23,222 24,223 24,224 24,225 24,226 24,227 24,228 24,229 24,230 24,231 24,232 24,233 24,234 24,235 25,236 25,237
239,143 238,142 237,141 236,140 235,139 234,138 233,137 232,136 231,135 230,134 230,133 230,132 230,131 230,130 230,129 230,128 230,127 230,126 230,125 230,124 230,123 230,122
31,185 30,184 29,184 28,184 27,183 26,182 25,181 24,180 23,179 22,178 21,177 20,177 19,177 18,177 17,177 16,177 15,177 14,177 13,177 12,177
71,192 72,191 72,190 73,189 72,188 71,187 70,186 69,185 68,185 67,185 66,185 65,185 64,186 63,187 63,188 63,189 63,190 63,191 63,192 63,193
246,41 245,41 244,41 243,41 242,42 241,43 240,44 239,45 238,46 237,46 236,47 235,48 234,49 233,50 232,51 231,52 230,52 229,52 228,52 227,52 226,52 225,52 224,52 223,52 222,52 221,52 220,52 219,52 218,52
51,167 52,168 53,169 53,170 53,171 53,172 53,173 53,174 54,175 55,176 56,177 56,178 57,179 58,180 59,181 60,181 61,182 62,182 63,183 64,184 65,185 66,185 67,185 68,185
222,88 223,89 224,90 225,91 226,92 227,93 227,94 227,95 227,96 227,97 227,98 227,99 226,100 225,101 224,102 223,103 222,104 221,105 220,106 219,107 219,108 219,109 219,110 219,111 219,112
87,110 88,111 89,111 90,111 91,112 92,113 93,114 93,115 94,116 95,117 96,118 97,119 98,120 99,121 100,122 101,123 101,124 102,125 103,126 104,126 105,126 106,126 107,126
65,183 64,184 63,185 62,186 61,187 60,188 59,189 58,190 57,190 56,190 55,190 54,190 53,190 52,190 51,190 50,191 49,192 48,192 47,192 46,192 45,192 44,192 43,192 42,192 41,192 40,193 39,193 38,193 37,194 36,195 36,196 36,197 37,198 38,199 39,200 40,201 40,202 40,203 40,204 40,205 40,206 40,207 40,208 40,209 40,210 40,211
183,96 184,95 185,94 186,93 186,92 186,91 186,90 186,89 186,88 186,87 186,86 185,85 185,84 185,83 185,82 185,81 184,80 184,79 184,78 183,77 183,76 183,75 183,74 183,73 183,72 183,71 183,70 183,69
236,20 235,21 234,22 233,23 232,24 231,25 230,26 229,27 228,28 228,29 227,30 226,31 226,32 225,33 224,34 223,34 222,34 221,34 220,34 219,34 218,34 217,34
64,50 65,49 66,48 67,47 68,46 69,46 70,46 71,46 72,46 73,46
54,76 55,75 56,74 57,74 58,74 59,74
0,152 0,153 1,154 2,155 3,156 4,157 5,158 6,159 7,160 8,160 9,160 10,160 11,160 12,160 13,160 14,160 15,160 16,161 17,162 18,163 19,163 20,163
141,74 142,75 143,76 144,77 145,78 146,79 147,80 148,81 149,82 150,83 151,84 152,84 153,84 154,85 155,85 156,86 157,87 158,88 159,89 160,90 161,91 162,92 163,93 164,94 165,95 166,96 167,97 168,98 169,99 170,99
67,157 68,158 69,159 70,159 71,159 72,159 73,160 74,160 75,160 76,160 77,160 78,160 79,160 80,160 81,160 82,160 83,160 84,160 85,160 86,160 87,160
69,184 70,185 71,186 72,186 73,186 74,186 75,186 76,186 77,186 78,186 79,186 80,186 81,186 82,186 83,186 84,186 85,186 86,186 87,187 88,188 89,188 90,188 91,188 92,188 93,189 94,189 95,189 96,189 97,189 98,188 99,188
71,3 70,4 69,5 68,6 67,7 66,8 65,9 64,10 63,11 62,11 61,12 60,13 59,14 58,14 57,14 56,14 55,14 54,15 53,16 53,17
103,157 102,156 102,155 101,154 101,153 101,152 101,151 101,150 101,149 101,148 101,147 101,146 101,145 100,144 100,143 100,142
83,4 84,5 85,6 86,7 87,8 88,9 89,10 90,11 91,12 92,13 93,14 94,15 95,16 96,17 97,18 98,19 99,20 100,20 101,20 102,20 103,20 104,21 105,22 106,23 107,24 108,25 109,26 110,26 111,26 112,26
128,125 127,124 127,123 127,122 127,121 127,120 127,119 127,118 127,117 127,116
119,240 120,239 121,238 122,238 123,238
22,148 23,147 24,146 25,145 26,144 27,143 28,142 29,141 29,140 29,139 30,138 31,137 32,136 32,135 32,134 32,133 32,132 32,131 32,130 32,129 32,128 32,127 32,126 33,125 34,124 35,123 36,122 37,122 38,122 39,122 40,122
87,55 86,54 85,53 85,52 85,51 86,50 87,49 88,48 89,48 90,48 91,49 92,49 93,49 94,49 95,49 96,49 97,49 98,49 99,49 100,50 101,50 102,51 103,52 103,53 102,54 101,55 101,56 100,57 99,58 99,59 98,60 97,61 97,62 97,63 97,64 97,65 97,66 97,67 97,68 97,69 97,70 97,71 97,72 97,73 97,74 97,75 98,76 99,77 99,78 99,79 99,80 99,81 99,82 99,83 99,84 99,85
18,234 19,235 20,236 21,237 22,238 23,238 24,239 25,240 26,241 27,242 28,243 29,244 30,245 31,246 32,247 33,248 34,249 35,249 36,249 37,249 38,249 39,249 40,249 41,249
157,169 156,170 155,171 154,172 153,173 152,174 151,175 150,176 149,176 148,176 147,176 146,176 145,176 144,176 143,176 142,176 141,176 140,176 139,177 138,177 137,178 136,179 135,180 134,181 134,182
87,166 88,167 89,168 90,168 91,168 92,168 93,168 94,168 95,168 96,168 97,169 98,170 99,170 100,170 101,171 102,172 103,173 104,174 104,175 104,176 104,177 104,178
126,67 125,66 124,65 123,65 122,65 121,65 120,65 119,65 118,65 117,65 116,65 115,65 114,64 113,64 112,63 111,62 110,61 109,60 108,60 107,59 106,58 105,57 105,56 105,55 105,54 105,53 105,52 105,51 105,50
26,77 25,78 24,79 23,79 22,79 21,79 20,79 19,79 18,79 17,79 16,78 15,77 14,77 13,77 12,77 11,77 10,77 9,77
86,57 85,58 84,59 83,60 82,61 81,61 80,62 79,62 78,62 77,62 76,62 75,62 74,63 75,64 76,65 77,66 78,67 78,68 78,69 78,70 78,71 78,72 78,73 78,74
21,179 22,178 23,177 24,176 25,175 25,174 26,173 27,172 28,171 28,170 29,169 30,168 31,167 32,166 33,165 34,164 35,163 36,162 37,161 38,160 39,159 40,158 41,157 42,156 43,156 44,156 45,156
96,106 95,107 94,108 93,109 92,110 91,111 90,111 89,111 88,111 87,112 86,113 85,114 84,115 83,116 82,117 81,118 81,119 81,120 81,121
144,78 145,79 146,80 147,81 148,82 149,83 150,84 151,84 152,84 153,84 154,85 154,86 155,87 156,88 157,89 158,90 159,91 160,92 161,93 161,94 162,95 163,96 164,97 165,98 166,99 167,100 167,101 167,102 168,103 168,104 168,105
179,117 180,117 181,118 182,118 183,118 184,118
87,25 86,24 85,23 84,22 83,21 82,21 81,21 80,21 79,21 78,20 77,19 76,18 75,17 74,16 73,15 72,14 71,13 70,12 69,11 68,10 67,9 66,8 65,7 64,6 63,5 62,4 61,3 60,2 59,2
167,64 166,63 165,62 164,61 163,60 163,59 163,58 163,57 163,56 163,55 163,54 163,53 162,52 161,51 160,50 159,49 158,48 157,47 156,46 155,45 154,44 153,43 152,42 151,41 151,40 150,39 149,38 148,37 147,37 146,37 145,37
39,238 40,239 41,239 42,239 43,239 44,239 45,239 46,239 47,238 48,237 49,236 49,235 49,234 48,233 47,232 46,231 45,230 44,229 43,228 42,227 42,226 42,225 41,224 41,223 41,222 41,221 41,220 41,219 41,218 41,217
173,15 172,16 171,17 171,18 171,19 171,20 171,21 171,22 172,23 172,24 172,25 172,26 172,27 172,28 172,29 172,30 172,31 172,32
66,49 65,50 64,51 64,52 63,53 62,54 61,55 60,56 59,57 58,58 57,59 56,60 55,61 54,62 53,63 52,64 52,65 52,66 52,67 52,68 51,69 50,70 49,71 48,72 47,73 46,74 45,75 44,75 43,75 42,75 41,75 40,75 39,75
36,10 37,11 38,11 39,11 40,11 41,11 42,11 43,11 44,11 45,11 46,11 47,11 48,11 49,11 50,11 51,12 52,13 53,14 54,14 55,14 56,14 57,15 58,16 59,17 60,18 61,19 62,20 63,21 63,22 63,23 63,24 63,25
55,73 56,74 57,75 58,76 59,77 60,78 61,79 62,80 63,81 64,81 65,82 66,83 67,84 68,85 69,86 70,87 71,88 72,89 73,90 74,90 75,90 76,90 77,90 78,90
126,42 126,43 126,44 125,45 125,46 125,47 125,48 125,49 125,50 124,51 124,52 124,53 124,54 125,55 125,56 125,57 125,58 125,59 125,60 125,61 125,62 125,63 125,64 126,65 126,66 127,67 127,68 127,69 127,70
247,102 246,101 245,100 244,99 243,98 242,98 241,98 240,98 239,98 238,98 237,98 236,98 235,98 234,97 233,97 232,97 231,97 230,97 229,97 228,96 227,95 226,94
98,150 99,149 99,148 99,147 99,146 99,145 99,144 99,143 99,142 99,141 98,140 98,139 98,138 98,137 98,136 98,135 98,134 98,133 99,132 100,131 100,130 100,129 100,128 100,127 100,126 100,125 100,124
125,74 124,75 123,76 122,77 121,78 120,79 119,79 118,79 117,79 116,79 115,79 114,78 113,77 112,77 111,77 110,77 109,77 108,77 107,77 106,77 105,77 104,77 103,78 102,79 101,79 100,79 99,79 98,79 97,79 96,79
8,178 9,179 10,180 11,180 12,181 13,182 14,183 15,184 16,185 17,186 18,187 19,188 20,189 21,190 22,191 23,192 23,193 23,194 23,195 23,196 23,197 23,198 23,199
52,115 51,114 50,113 49,112 48,111 47,110 46,109 45,108 44,107 43,106 42,105 41,104 40,103 39,102 38,102 37,102
216,201 216,202 216,203 215,204 214,205 213,205 212,205 211,205 210,205 209,205 208,206 207,207 206,208 205,208 204,207 203,207 202,207 201,207 200,207 199,207 198,207 197,207
78,31 77,30 76,29 75,29 74,29 73,29 72,29 71,28 70,28 69,28 68,28 67,27 66,27 65,27 64,27 63,27 62,27 61,27 60,27
59,8 58,9 57,10 57,11 57,12 58,13 58,14 58,15 58,16 58,17 57,18 57,19 57,20 57,21 57,22 57,23 57,24 57,25 57,26 56,27 55,28 55,29 55,30 55,31 55,32 55,33
27,50 26,49 26,48 26,47 26,46 26,45 26,44 26,43 26,42 26,41 27,40 27,39 28,38 29,37 29,36 29,35 29,34 29,33 29,32 29,31 28,30 28,29 28,28 28,27 28,26 28,25 28,24 28,23 27,22
204,71 203,70 202,69 201,68 200,67 199,66 198,65 198,64
213,85 214,86 215,87 216,88 217,89 218,90 219,91 220,92 221,93 222,94 223,95 224,96 225,97 226,98 227,99 228,100 229,101 230,102 231,103 232,104 233,105 234,106 235,107 236,108 237,109 238,110 239,111 240,112 241,113 242,114
224,117 223,118 223,119 224,120 224,121 224,122
108,120 108,119 108,118 109,117 110,117 111,117 112,117 113,117 114,117 115,117 116,117 117,117 118,117 119,117 120,117
74,61 74,62 74,63 75,64 76,65 77,66 78,67 78,68 78,69 78,70 78,71 78,72 78,73 78,74 78,75 78,76 78,77 78,78 78,79 78,80 79,81 80,82 81,83 82,84 83,85 83,86 83,87
93,132 92,133 91,134 90,135 89,136 88,137 87,138 86,139 85,140 84,141 83,142 82,143 81,144 80,145 79,146 78,147 77,148 76,149 75,150 74,151 73,152 72,153 71,153 70,153 69,153 68,153
203,75 204,74 205,73 206,72 207,71 208,70 209,69 210,68 211,67 212,66 213,65 214,64 215,63 216,62 217,61 217,60 218,59 219,58 219,57 220,56 221,55 222,54 223,53 224,52 225,51 226,50 227,49 228,49
236,41 235,42 234,43 233,44 232,45 231,45 230,45 229,45 228,45 227,45 226,45 225,45 224,45 223,44 222,43 222,42 222,41
54,94 55,95 56,96 57,97 58,98 59,99 60,100 61,101 62,102 63,103 64,104 65,105 66,106 67,107 67,108 68,109 69,110 70,111 71,111 72,111 73,111 74,111 75,111 76,111 77,111 78,111 79,111 80,111 81,111
